Using pre-set license
Built from '2020.2/staging' branch; Version is '2020.2.3f1 (8ff31bc5bf5b) revision 9433883'; Using compiler version '192528614'; Build Type 'Release'
OS: 'Windows 10 Home; OS build 19042.1526; Version 2009; 64bit' Language: 'nl' Physical Memory: 16271 MB
BatchMode: 1, IsHumanControllingUs: 0, StartBugReporterOnCrash: 0, Is64bit: 1, IsPro: 0

 COMMAND LINE ARGUMENTS:
C:\Program Files\Unity\Hub\Editor\2020.2.3f1\Editor\Unity.exe
-adb2
-batchMode
-noUpm
-name
AssetImportWorker0
-projectPath
C:/Users/jorda/MA college/jaar2/periode3/BO Microbit/BO Microbit
-logFile
Logs/AssetImportWorker0.log
-srvPort
49701
Successfully changed project path to: C:/Users/jorda/MA college/jaar2/periode3/BO Microbit/BO Microbit
C:/Users/jorda/MA college/jaar2/periode3/BO Microbit/BO Microbit
Using Asset Import Pipeline V2.
Refreshing native plugins compatible for Editor in 32.39 ms, found 0 plugins.
Preloading 0 native plugins for Editor in 0.00 ms.
Initialize engine version: 2020.2.3f1 (8ff31bc5bf5b)
[Subsystems] Discovering subsystems at path C:/Program Files/Unity/Hub/Editor/2020.2.3f1/Editor/Data/Resources/UnitySubsystems
[Subsystems] Discovering subsystems at path C:/Users/jorda/MA college/jaar2/periode3/BO Microbit/BO Microbit/Assets
GfxDevice: creating device client; threaded=0
Direct3D:
    Version:  Direct3D 11.0 [level 11.1]
    Renderer: NVIDIA GeForce GTX 1050 with Max-Q Design (ID=0x1c91)
    Vendor:   
    VRAM:     2996 MB
    Driver:   30.0.14.9733
Initialize mono
Mono path[0] = 'C:/Program Files/Unity/Hub/Editor/2020.2.3f1/Editor/Data/Managed'
Mono path[1] = 'C:/Program Files/Unity/Hub/Editor/2020.2.3f1/Editor/Data/MonoBleedingEdge/lib/mono/unityjit'
Mono config path = 'C:/Program Files/Unity/Hub/Editor/2020.2.3f1/Editor/Data/MonoBleedingEdge/etc'
Using monoOptions --debugger-agent=transport=dt_socket,embedding=1,server=y,suspend=n,address=127.0.0.1:56512
Begin MonoManager ReloadAssembly
Registering precompiled unity dll's ...
Register platform support module: C:/Program Files/Unity/Hub/Editor/2020.2.3f1/Editor/Data/PlaybackEngines/WindowsStandaloneSupport/UnityEditor.WindowsStandalone.Extensions.dll
Registered in 0.004457 seconds.
Native extension for WindowsStandalone target not found
Refreshing native plugins compatible for Editor in 39.17 ms, found 0 plugins.
Preloading 0 native plugins for Editor in 0.00 ms.
Invoked RoslynAnalysisRunner static constructor.
RoslynAnalysisRunner will not be running.
RoslynAnalysisRunner has terminated.
Mono: successfully reloaded assembly
- Completed reload, in  3.597 seconds
Platform modules already initialized, skipping
Registering precompiled user dll's ...
Registered in 0.001631 seconds.
Begin MonoManager ReloadAssembly
Native extension for WindowsStandalone target not found
Refreshing native plugins compatible for Editor in 0.23 ms, found 0 plugins.
Preloading 0 native plugins for Editor in 0.00 ms.
Invoked RoslynAnalysisRunner static constructor.
RoslynAnalysisRunner will not be running.
RoslynAnalysisRunner has terminated.
Mono: successfully reloaded assembly
- Completed reload, in  1.133 seconds
Platform modules already initialized, skipping
========================================================================
Worker process is ready to serve import requests
Launched and connected shader compiler UnityShaderCompiler.exe after 0.07 seconds
Refreshing native plugins compatible for Editor in 0.23 ms, found 0 plugins.
Preloading 0 native plugins for Editor in 0.00 ms.
Unloading 1099 Unused Serialized files (Serialized files now loaded: 0)
System memory in use before: 56.6 MB.
System memory in use after: 56.6 MB.

Unloading 10 unused Assets to reduce memory usage. Loaded Objects now: 1540.
Total: 3.666500 ms (FindLiveObjects: 0.370600 ms CreateObjectMapping: 0.102600 ms MarkObjects: 3.056200 ms  DeleteObjects: 0.135700 ms)

========================================================================
Received Import Request.
  path: Assets
  artifactKey: Guid(00000000000000001000000000000000) Importer(815301076,1909f56bfc062723c751e8b465ee728b)
Start importing Assets using Guid(00000000000000001000000000000000) Importer(815301076,1909f56bfc062723c751e8b465ee728b)  -> (artifact id: '653ce283d384579a24208b2e4d727c2a') in 0.013790 seconds
  Import took 0.017912 seconds .

========================================================================
Received Import Request.
  Time since last request: 0.000984 seconds.
  path: Assets/scripts
  artifactKey: Guid(2471de8694a5cb542a1ab0677565f1c5) Importer(815301076,1909f56bfc062723c751e8b465ee728b)
Start importing Assets/scripts using Guid(2471de8694a5cb542a1ab0677565f1c5) Importer(815301076,1909f56bfc062723c751e8b465ee728b)  -> (artifact id: 'b6e7d692dc4a2f8d233037431c8ded56') in 0.012605 seconds
  Import took 0.015329 seconds .

========================================================================
Received Import Request.
  Time since last request: 5.241457 seconds.
  path: Assets/matarial
  artifactKey: Guid(d61c4d2a08b51db47aff9b3e95d00852) Importer(815301076,1909f56bfc062723c751e8b465ee728b)
Start importing Assets/matarial using Guid(d61c4d2a08b51db47aff9b3e95d00852) Importer(815301076,1909f56bfc062723c751e8b465ee728b)  -> (artifact id: 'e34885e44d1f03e803258450fec2ed57') in 0.015651 seconds
  Import took 0.019173 seconds .

========================================================================
Received Import Request.
  Time since last request: 14.953920 seconds.
  path: Assets/matarial/ground.mat
  artifactKey: Guid(13cb819de89e2524b90d73000ffafd8f) Importer(815301076,1909f56bfc062723c751e8b465ee728b)
Start importing Assets/matarial/ground.mat using Guid(13cb819de89e2524b90d73000ffafd8f) Importer(815301076,1909f56bfc062723c751e8b465ee728b)  -> (artifact id: '2fddf57f3f9a2eef88a6260373a1601f') in 0.228575 seconds
  Import took 0.231241 seconds .

========================================================================
Received Import Request.
  Time since last request: 12.818829 seconds.
  path: Assets/matarial/car.mat
  artifactKey: Guid(53c8338161a76ea4c980e8966743ef11) Importer(815301076,1909f56bfc062723c751e8b465ee728b)
Start importing Assets/matarial/car.mat using Guid(53c8338161a76ea4c980e8966743ef11) Importer(815301076,1909f56bfc062723c751e8b465ee728b)  -> (artifact id: '289c2423c88a2cad16920ae3ad78e794') in 0.020915 seconds
  Import took 0.027027 seconds .

========================================================================
Received Import Request.
  Time since last request: 18.530400 seconds.
  path: Assets/matarial/road.mat
  artifactKey: Guid(3ab36c2d89cf05a459629781012e76c9) Importer(815301076,1909f56bfc062723c751e8b465ee728b)
Start importing Assets/matarial/road.mat using Guid(3ab36c2d89cf05a459629781012e76c9) Importer(815301076,1909f56bfc062723c751e8b465ee728b)  -> (artifact id: 'a12e1744b9fb60fa07add44da91d41e3') in 0.019214 seconds
  Import took 0.025670 seconds .

========================================================================
Received Import Request.
  Time since last request: 190.806854 seconds.
  path: Assets/matarial/car.mat
  artifactKey: Guid(53c8338161a76ea4c980e8966743ef11) Importer(815301076,1909f56bfc062723c751e8b465ee728b)
Start importing Assets/matarial/car.mat using Guid(53c8338161a76ea4c980e8966743ef11) Importer(815301076,1909f56bfc062723c751e8b465ee728b)  -> (artifact id: 'cd3825544f975ae2611674b027f4a7bb') in 0.026748 seconds
  Import took 0.032351 seconds .

========================================================================
Received Import Request.
  Time since last request: 0.000309 seconds.
  path: Assets/matarial/ground.mat
  artifactKey: Guid(13cb819de89e2524b90d73000ffafd8f) Importer(815301076,1909f56bfc062723c751e8b465ee728b)
Start importing Assets/matarial/ground.mat using Guid(13cb819de89e2524b90d73000ffafd8f) Importer(815301076,1909f56bfc062723c751e8b465ee728b)  -> (artifact id: '3b18a95b341941e5de76698f7041b0c5') in 0.019580 seconds
  Import took 0.023239 seconds .

========================================================================
Received Import Request.
  Time since last request: 0.000405 seconds.
  path: Assets/matarial/road.mat
  artifactKey: Guid(3ab36c2d89cf05a459629781012e76c9) Importer(815301076,1909f56bfc062723c751e8b465ee728b)
Start importing Assets/matarial/road.mat using Guid(3ab36c2d89cf05a459629781012e76c9) Importer(815301076,1909f56bfc062723c751e8b465ee728b)  -> (artifact id: 'dae24556247e7004217c1d35a7838b51') in 0.016448 seconds
  Import took 0.020293 seconds .

========================================================================
Received Prepare
Registering precompiled user dll's ...
Registered in 0.000863 seconds.
Begin MonoManager ReloadAssembly
Native extension for WindowsStandalone target not found
Refreshing native plugins compatible for Editor in 0.23 ms, found 0 plugins.
Preloading 0 native plugins for Editor in 0.00 ms.
Invoked RoslynAnalysisRunner static constructor.
RoslynAnalysisRunner will not be running.
RoslynAnalysisRunner has terminated.
Mono: successfully reloaded assembly
- Completed reload, in  1.273 seconds
Platform modules already initialized, skipping
Refreshing native plugins compatible for Editor in 0.27 ms, found 0 plugins.
Preloading 0 native plugins for Editor in 0.00 ms.
Unloading 1094 Unused Serialized files (Serialized files now loaded: 0)
System memory in use before: 59.8 MB.
System memory in use after: 59.9 MB.

Unloading 5 unused Assets to reduce memory usage. Loaded Objects now: 1582.
Total: 4.856900 ms (FindLiveObjects: 1.186200 ms CreateObjectMapping: 0.173000 ms MarkObjects: 3.358800 ms  DeleteObjects: 0.132900 ms)

========================================================================
Received Import Request.
  Time since last request: 626.067598 seconds.
  path: Assets/matarial/Roof.mat
  artifactKey: Guid(51bf587a278d14d44a70d8b41ae0a369) Importer(815301076,1909f56bfc062723c751e8b465ee728b)
Start importing Assets/matarial/Roof.mat using Guid(51bf587a278d14d44a70d8b41ae0a369) Importer(815301076,1909f56bfc062723c751e8b465ee728b)  -> (artifact id: '0a523b360bc1c61e0bd3117b8529cb92') in 0.088683 seconds
  Import took 0.091222 seconds .

========================================================================
Received Import Request.
  Time since last request: 22.331126 seconds.
  path: Assets/matarial/engine.mat
  artifactKey: Guid(a392399476ec7aa45a17bf60e8be4cf2) Importer(815301076,1909f56bfc062723c751e8b465ee728b)
Start importing Assets/matarial/engine.mat using Guid(a392399476ec7aa45a17bf60e8be4cf2) Importer(815301076,1909f56bfc062723c751e8b465ee728b)  -> (artifact id: 'a6ee84ad426511ad0e861f9a8016ffc1') in 0.020134 seconds
  Import took 0.025005 seconds .

========================================================================
Received Import Request.
  Time since last request: 21.250368 seconds.
  path: Assets/matarial/engine.mat
  artifactKey: Guid(a392399476ec7aa45a17bf60e8be4cf2) Importer(815301076,1909f56bfc062723c751e8b465ee728b)
Start importing Assets/matarial/engine.mat using Guid(a392399476ec7aa45a17bf60e8be4cf2) Importer(815301076,1909f56bfc062723c751e8b465ee728b)  -> (artifact id: 'de2c322c5bf7700cdf43b3c18f82c6a4') in 0.019127 seconds
  Import took 0.022197 seconds .

========================================================================
Received Import Request.
  Time since last request: 0.000603 seconds.
  path: Assets/matarial/Roof.mat
  artifactKey: Guid(51bf587a278d14d44a70d8b41ae0a369) Importer(815301076,1909f56bfc062723c751e8b465ee728b)
Start importing Assets/matarial/Roof.mat using Guid(51bf587a278d14d44a70d8b41ae0a369) Importer(815301076,1909f56bfc062723c751e8b465ee728b)  -> (artifact id: 'cf5db7bb5d87f24b9ab06c0a3fb1987e') in 0.021880 seconds
  Import took 0.025174 seconds .

========================================================================
Received Prepare
Registering precompiled user dll's ...
Registered in 0.000731 seconds.
Begin MonoManager ReloadAssembly
Native extension for WindowsStandalone target not found
Refreshing native plugins compatible for Editor in 0.67 ms, found 0 plugins.
Preloading 0 native plugins for Editor in 0.00 ms.
Invoked RoslynAnalysisRunner static constructor.
RoslynAnalysisRunner will not be running.
RoslynAnalysisRunner has terminated.
Mono: successfully reloaded assembly
- Completed reload, in  1.063 seconds
Platform modules already initialized, skipping
Refreshing native plugins compatible for Editor in 0.22 ms, found 0 plugins.
Preloading 0 native plugins for Editor in 0.00 ms.
Unloading 1095 Unused Serialized files (Serialized files now loaded: 0)
System memory in use before: 59.9 MB.
System memory in use after: 60.0 MB.

Unloading 5 unused Assets to reduce memory usage. Loaded Objects now: 1586.
Total: 2.885300 ms (FindLiveObjects: 0.259900 ms CreateObjectMapping: 0.081900 ms MarkObjects: 2.399200 ms  DeleteObjects: 0.143100 ms)

========================================================================
Received Prepare
Registering precompiled user dll's ...
Registered in 0.000559 seconds.
Begin MonoManager ReloadAssembly
Native extension for WindowsStandalone target not found
Refreshing native plugins compatible for Editor in 0.35 ms, found 0 plugins.
Preloading 0 native plugins for Editor in 0.00 ms.
Invoked RoslynAnalysisRunner static constructor.
RoslynAnalysisRunner will not be running.
RoslynAnalysisRunner has terminated.
Mono: successfully reloaded assembly
- Completed reload, in  0.999 seconds
Platform modules already initialized, skipping
Refreshing native plugins compatible for Editor in 0.23 ms, found 0 plugins.
Preloading 0 native plugins for Editor in 0.00 ms.
Unloading 1095 Unused Serialized files (Serialized files now loaded: 0)
System memory in use before: 59.9 MB.
System memory in use after: 60.0 MB.

Unloading 5 unused Assets to reduce memory usage. Loaded Objects now: 1588.
Total: 2.900600 ms (FindLiveObjects: 0.264400 ms CreateObjectMapping: 0.111000 ms MarkObjects: 2.422600 ms  DeleteObjects: 0.101000 ms)

========================================================================
Received Prepare
Registering precompiled user dll's ...
Registered in 0.000681 seconds.
Begin MonoManager ReloadAssembly
Native extension for WindowsStandalone target not found
Refreshing native plugins compatible for Editor in 0.39 ms, found 0 plugins.
Preloading 0 native plugins for Editor in 0.00 ms.
Invoked RoslynAnalysisRunner static constructor.
RoslynAnalysisRunner will not be running.
RoslynAnalysisRunner has terminated.
Mono: successfully reloaded assembly
- Completed reload, in  1.097 seconds
Platform modules already initialized, skipping
Refreshing native plugins compatible for Editor in 0.26 ms, found 0 plugins.
Preloading 0 native plugins for Editor in 0.00 ms.
Unloading 1095 Unused Serialized files (Serialized files now loaded: 0)
System memory in use before: 59.9 MB.
System memory in use after: 60.0 MB.

Unloading 5 unused Assets to reduce memory usage. Loaded Objects now: 1590.
Total: 2.788900 ms (FindLiveObjects: 0.634700 ms CreateObjectMapping: 0.104500 ms MarkObjects: 1.959100 ms  DeleteObjects: 0.087300 ms)

========================================================================
Received Prepare
Registering precompiled user dll's ...
Registered in 0.000598 seconds.
Begin MonoManager ReloadAssembly
Native extension for WindowsStandalone target not found
Refreshing native plugins compatible for Editor in 0.19 ms, found 0 plugins.
Preloading 0 native plugins for Editor in 0.00 ms.
Invoked RoslynAnalysisRunner static constructor.
RoslynAnalysisRunner will not be running.
RoslynAnalysisRunner has terminated.
Mono: successfully reloaded assembly
- Completed reload, in  0.946 seconds
Platform modules already initialized, skipping
Refreshing native plugins compatible for Editor in 0.21 ms, found 0 plugins.
Preloading 0 native plugins for Editor in 0.00 ms.
Unloading 1095 Unused Serialized files (Serialized files now loaded: 0)
System memory in use before: 59.9 MB.
System memory in use after: 60.0 MB.

Unloading 5 unused Assets to reduce memory usage. Loaded Objects now: 1592.
Total: 2.897300 ms (FindLiveObjects: 0.319800 ms CreateObjectMapping: 0.076200 ms MarkObjects: 2.380600 ms  DeleteObjects: 0.118500 ms)

========================================================================
Received Prepare
Registering precompiled user dll's ...
Registered in 0.000960 seconds.
Begin MonoManager ReloadAssembly
Native extension for WindowsStandalone target not found
Refreshing native plugins compatible for Editor in 0.28 ms, found 0 plugins.
Preloading 0 native plugins for Editor in 0.00 ms.
Invoked RoslynAnalysisRunner static constructor.
RoslynAnalysisRunner will not be running.
RoslynAnalysisRunner has terminated.
Mono: successfully reloaded assembly
- Completed reload, in  1.104 seconds
Platform modules already initialized, skipping
Refreshing native plugins compatible for Editor in 0.28 ms, found 0 plugins.
Preloading 0 native plugins for Editor in 0.00 ms.
Unloading 1095 Unused Serialized files (Serialized files now loaded: 0)
System memory in use before: 59.9 MB.
System memory in use after: 60.0 MB.

Unloading 5 unused Assets to reduce memory usage. Loaded Objects now: 1594.
Total: 3.905800 ms (FindLiveObjects: 0.501900 ms CreateObjectMapping: 0.150200 ms MarkObjects: 3.176500 ms  DeleteObjects: 0.074600 ms)

========================================================================
Received Prepare
Registering precompiled user dll's ...
Registered in 0.000717 seconds.
Begin MonoManager ReloadAssembly
Native extension for WindowsStandalone target not found
Refreshing native plugins compatible for Editor in 0.20 ms, found 0 plugins.
Preloading 0 native plugins for Editor in 0.00 ms.
Invoked RoslynAnalysisRunner static constructor.
RoslynAnalysisRunner will not be running.
RoslynAnalysisRunner has terminated.
Mono: successfully reloaded assembly
- Completed reload, in  0.943 seconds
Platform modules already initialized, skipping
Refreshing native plugins compatible for Editor in 0.26 ms, found 0 plugins.
Preloading 0 native plugins for Editor in 0.00 ms.
Unloading 1095 Unused Serialized files (Serialized files now loaded: 0)
System memory in use before: 59.9 MB.
System memory in use after: 60.0 MB.

Unloading 5 unused Assets to reduce memory usage. Loaded Objects now: 1596.
Total: 3.823800 ms (FindLiveObjects: 0.320900 ms CreateObjectMapping: 0.129100 ms MarkObjects: 3.219500 ms  DeleteObjects: 0.152400 ms)

========================================================================
Received Prepare
Registering precompiled user dll's ...
Registered in 0.000718 seconds.
Begin MonoManager ReloadAssembly
Native extension for WindowsStandalone target not found
Refreshing native plugins compatible for Editor in 0.19 ms, found 0 plugins.
Preloading 0 native plugins for Editor in 0.00 ms.
Invoked RoslynAnalysisRunner static constructor.
RoslynAnalysisRunner will not be running.
RoslynAnalysisRunner has terminated.
Mono: successfully reloaded assembly
- Completed reload, in  1.051 seconds
Platform modules already initialized, skipping
Refreshing native plugins compatible for Editor in 0.22 ms, found 0 plugins.
Preloading 0 native plugins for Editor in 0.00 ms.
Unloading 1095 Unused Serialized files (Serialized files now loaded: 0)
System memory in use before: 59.9 MB.
System memory in use after: 60.0 MB.

Unloading 5 unused Assets to reduce memory usage. Loaded Objects now: 1598.
Total: 2.193400 ms (FindLiveObjects: 0.325400 ms CreateObjectMapping: 0.141800 ms MarkObjects: 1.592200 ms  DeleteObjects: 0.132600 ms)

========================================================================
Received Prepare
Registering precompiled user dll's ...
Registered in 0.000721 seconds.
Begin MonoManager ReloadAssembly
Native extension for WindowsStandalone target not found
Refreshing native plugins compatible for Editor in 0.24 ms, found 0 plugins.
Preloading 0 native plugins for Editor in 0.00 ms.
Invoked RoslynAnalysisRunner static constructor.
RoslynAnalysisRunner will not be running.
RoslynAnalysisRunner has terminated.
Mono: successfully reloaded assembly
- Completed reload, in  1.313 seconds
Platform modules already initialized, skipping
Refreshing native plugins compatible for Editor in 0.18 ms, found 0 plugins.
Preloading 0 native plugins for Editor in 0.00 ms.
Unloading 1095 Unused Serialized files (Serialized files now loaded: 0)
System memory in use before: 59.9 MB.
System memory in use after: 60.0 MB.

Unloading 5 unused Assets to reduce memory usage. Loaded Objects now: 1600.
Total: 2.747500 ms (FindLiveObjects: 0.353500 ms CreateObjectMapping: 0.092600 ms MarkObjects: 2.195800 ms  DeleteObjects: 0.104300 ms)

========================================================================
Received Prepare
Registering precompiled user dll's ...
Registered in 0.000754 seconds.
Begin MonoManager ReloadAssembly
Native extension for WindowsStandalone target not found
Refreshing native plugins compatible for Editor in 0.46 ms, found 0 plugins.
Preloading 0 native plugins for Editor in 0.00 ms.
Invoked RoslynAnalysisRunner static constructor.
RoslynAnalysisRunner will not be running.
RoslynAnalysisRunner has terminated.
Mono: successfully reloaded assembly
- Completed reload, in  0.963 seconds
Platform modules already initialized, skipping
Refreshing native plugins compatible for Editor in 0.44 ms, found 0 plugins.
Preloading 0 native plugins for Editor in 0.00 ms.
Unloading 1095 Unused Serialized files (Serialized files now loaded: 0)
System memory in use before: 60.0 MB.
System memory in use after: 60.0 MB.

Unloading 5 unused Assets to reduce memory usage. Loaded Objects now: 1602.
Total: 2.521600 ms (FindLiveObjects: 0.456200 ms CreateObjectMapping: 0.131900 ms MarkObjects: 1.803500 ms  DeleteObjects: 0.128700 ms)

========================================================================
Received Prepare
Registering precompiled user dll's ...
Registered in 0.000652 seconds.
Begin MonoManager ReloadAssembly
Native extension for WindowsStandalone target not found
Refreshing native plugins compatible for Editor in 0.18 ms, found 0 plugins.
Preloading 0 native plugins for Editor in 0.00 ms.
Invoked RoslynAnalysisRunner static constructor.
RoslynAnalysisRunner will not be running.
RoslynAnalysisRunner has terminated.
Mono: successfully reloaded assembly
- Completed reload, in  1.165 seconds
Platform modules already initialized, skipping
Refreshing native plugins compatible for Editor in 0.31 ms, found 0 plugins.
Preloading 0 native plugins for Editor in 0.00 ms.
Unloading 1095 Unused Serialized files (Serialized files now loaded: 0)
System memory in use before: 60.0 MB.
System memory in use after: 60.0 MB.

Unloading 5 unused Assets to reduce memory usage. Loaded Objects now: 1604.
Total: 3.598800 ms (FindLiveObjects: 0.300900 ms CreateObjectMapping: 0.099100 ms MarkObjects: 3.096100 ms  DeleteObjects: 0.100700 ms)

========================================================================
Received Prepare
Registering precompiled user dll's ...
Registered in 0.000634 seconds.
Begin MonoManager ReloadAssembly
Native extension for WindowsStandalone target not found
Refreshing native plugins compatible for Editor in 0.18 ms, found 0 plugins.
Preloading 0 native plugins for Editor in 0.00 ms.
Invoked RoslynAnalysisRunner static constructor.
RoslynAnalysisRunner will not be running.
RoslynAnalysisRunner has terminated.
Mono: successfully reloaded assembly
- Completed reload, in  0.891 seconds
Platform modules already initialized, skipping
Refreshing native plugins compatible for Editor in 0.23 ms, found 0 plugins.
Preloading 0 native plugins for Editor in 0.00 ms.
Unloading 1095 Unused Serialized files (Serialized files now loaded: 0)
System memory in use before: 60.0 MB.
System memory in use after: 60.1 MB.

Unloading 5 unused Assets to reduce memory usage. Loaded Objects now: 1606.
Total: 2.168000 ms (FindLiveObjects: 0.215300 ms CreateObjectMapping: 0.069700 ms MarkObjects: 1.814800 ms  DeleteObjects: 0.065700 ms)

========================================================================
Received Import Request.
  Time since last request: 5111.800444 seconds.
  path: Assets/scripts/Car.cs
  artifactKey: Guid(3b9cb31a38a81c84da648bd291524e97) Importer(815301076,1909f56bfc062723c751e8b465ee728b)
Start importing Assets/scripts/Car.cs using Guid(3b9cb31a38a81c84da648bd291524e97) Importer(815301076,1909f56bfc062723c751e8b465ee728b)  -> (artifact id: '572da7a07aef76b3e26b7ccfe3474239') in 0.023075 seconds
  Import took 0.027062 seconds .

========================================================================
Received Import Request.
  Time since last request: 0.001555 seconds.
  path: Assets/scripts/Car.cs
  artifactKey: Guid(3b9cb31a38a81c84da648bd291524e97) Importer(815301076,1909f56bfc062723c751e8b465ee728b)
Start importing Assets/scripts/Car.cs using Guid(3b9cb31a38a81c84da648bd291524e97) Importer(815301076,1909f56bfc062723c751e8b465ee728b)  -> (artifact id: '572da7a07aef76b3e26b7ccfe3474239') in 0.004632 seconds
  Import took 0.009236 seconds .

========================================================================
Received Prepare
Registering precompiled user dll's ...
Registered in 0.000721 seconds.
Begin MonoManager ReloadAssembly
Native extension for WindowsStandalone target not found
Refreshing native plugins compatible for Editor in 0.25 ms, found 0 plugins.
Preloading 0 native plugins for Editor in 0.00 ms.
Invoked RoslynAnalysisRunner static constructor.
RoslynAnalysisRunner will not be running.
RoslynAnalysisRunner has terminated.
Mono: successfully reloaded assembly
- Completed reload, in  0.892 seconds
Platform modules already initialized, skipping
Refreshing native plugins compatible for Editor in 0.24 ms, found 0 plugins.
Preloading 0 native plugins for Editor in 0.00 ms.
Unloading 1095 Unused Serialized files (Serialized files now loaded: 0)
System memory in use before: 60.0 MB.
System memory in use after: 60.1 MB.

Unloading 5 unused Assets to reduce memory usage. Loaded Objects now: 1608.
Total: 2.206700 ms (FindLiveObjects: 0.264900 ms CreateObjectMapping: 0.117300 ms MarkObjects: 1.690900 ms  DeleteObjects: 0.132600 ms)

AssetImportWorkerClient::OnTransportError - code=2 error=End of file
